17:54:33 **** Build of configuration Debug for project ITM_lab2 ****
make -r -j4 all 
Building file: ../src/DigitalIOPin.cpp
Building file: ../src/ITM_write.c
Building file: ../src/ITMhandler.cpp
Building file: ../src/cr_cpp_config.cpp
Invoking: MCU C++ Compiler
Invoking: MCU C Compiler
arm-none-eabi-c++ -std=c++11 -DDEBUG -D__CODE_RED -D__NEWLIB__ -DCORE_M3 -D__USE_LPCOPEN -DCPP_USE_HEAP -D__LPC15XX__ -I"C:\Users\Manish\Documents\MCUXpressoIDE_11.5.0_7232\embSysPro\lpc_board_nxp_lpcxpresso_1549\inc" -I"C:\Users\Manish\Documents\MCUXpressoIDE_11.5.0_7232\embSysPro\lpc_chip_15xx\inc" -O0 -fno-common -g3 -Wall -c -fmessage-length=0 -fno-builtin -ffunction-sections -fdata-sections -fno-rtti -fno-exceptions -fmerge-constants -fmacro-prefix-map="../src/"= -mcpu=cortex-m3 -mthumb -fstack-usage -MMD -MP -MF"src/DigitalIOPin.d" -MT"src/DigitalIOPin.o" -MT"src/DigitalIOPin.d" -o "src/DigitalIOPin.o" "../src/DigitalIOPin.cpp"
Invoking: MCU C++ Compiler
arm-none-eabi-gcc -std=c11 -DDEBUG -D__CODE_RED -D__NEWLIB__ -DCORE_M3 -D__USE_LPCOPEN -DCPP_USE_HEAP -D__LPC15XX__ -I"C:\Users\Manish\Documents\MCUXpressoIDE_11.5.0_7232\embSysPro\lpc_board_nxp_lpcxpresso_1549\inc" -I"C:\Users\Manish\Documents\MCUXpressoIDE_11.5.0_7232\embSysPro\lpc_chip_15xx\inc" -O0 -fno-common -g3 -Wall -c -fmessage-length=0 -fno-builtin -ffunction-sections -fdata-sections -fmerge-constants -fmacro-prefix-map="../src/"= -mcpu=cortex-m3 -mthumb -fstack-usage -MMD -MP -MF"src/ITM_write.d" -MT"src/ITM_write.o" -MT"src/ITM_write.d" -o "src/ITM_write.o" "../src/ITM_write.c"
Invoking: MCU C++ Compiler
arm-none-eabi-c++ -std=c++11 -DDEBUG -D__CODE_RED -D__NEWLIB__ -DCORE_M3 -D__USE_LPCOPEN -DCPP_USE_HEAP -D__LPC15XX__ -I"C:\Users\Manish\Documents\MCUXpressoIDE_11.5.0_7232\embSysPro\lpc_board_nxp_lpcxpresso_1549\inc" -I"C:\Users\Manish\Documents\MCUXpressoIDE_11.5.0_7232\embSysPro\lpc_chip_15xx\inc" -O0 -fno-common -g3 -Wall -c -fmessage-length=0 -fno-builtin -ffunction-sections -fdata-sections -fno-rtti -fno-exceptions -fmerge-constants -fmacro-prefix-map="../src/"= -mcpu=cortex-m3 -mthumb -fstack-usage -MMD -MP -MF"src/ITMhandler.d" -MT"src/ITMhandler.o" -MT"src/ITMhandler.d" -o "src/ITMhandler.o" "../src/ITMhandler.cpp"
arm-none-eabi-c++ -std=c++11 -DDEBUG -D__CODE_RED -D__NEWLIB__ -DCORE_M3 -D__USE_LPCOPEN -DCPP_USE_HEAP -D__LPC15XX__ -I"C:\Users\Manish\Documents\MCUXpressoIDE_11.5.0_7232\embSysPro\lpc_board_nxp_lpcxpresso_1549\inc" -I"C:\Users\Manish\Documents\MCUXpressoIDE_11.5.0_7232\embSysPro\lpc_chip_15xx\inc" -O0 -fno-common -g3 -Wall -c -fmessage-length=0 -fno-builtin -ffunction-sections -fdata-sections -fno-rtti -fno-exceptions -fmerge-constants -fmacro-prefix-map="../src/"= -mcpu=cortex-m3 -mthumb -fstack-usage -MMD -MP -MF"src/cr_cpp_config.d" -MT"src/cr_cpp_config.o" -MT"src/cr_cpp_config.d" -o "src/cr_cpp_config.o" "../src/cr_cpp_config.cpp"
Finished building: ../src/ITMhandler.cpp
 
Building file: ../src/cr_startup_lpc15xx.cpp
Invoking: MCU C++ Compiler
arm-none-eabi-c++ -std=c++11 -DDEBUG -D__CODE_RED -D__NEWLIB__ -DCORE_M3 -D__USE_LPCOPEN -DCPP_USE_HEAP -D__LPC15XX__ -I"C:\Users\Manish\Documents\MCUXpressoIDE_11.5.0_7232\embSysPro\lpc_board_nxp_lpcxpresso_1549\inc" -I"C:\Users\Manish\Documents\MCUXpressoIDE_11.5.0_7232\embSysPro\lpc_chip_15xx\inc" -O0 -fno-common -g3 -Wall -c -fmessage-length=0 -fno-builtin -ffunction-sections -fdata-sections -fno-rtti -fno-exceptions -fmerge-constants -fmacro-prefix-map="../src/"= -mcpu=cortex-m3 -mthumb -fstack-usage -MMD -MP -MF"src/cr_startup_lpc15xx.d" -MT"src/cr_startup_lpc15xx.o" -MT"src/cr_startup_lpc15xx.d" -o "src/cr_startup_lpc15xx.o" "../src/cr_startup_lpc15xx.cpp"
Finished building: ../src/ITM_write.c
Finished building: ../src/cr_cpp_config.cpp
 
 
Building file: ../src/crp.c
Finished building: ../src/DigitalIOPin.cpp
Building file: ../src/lab2_ITM.cpp
Invoking: MCU C Compiler
 
arm-none-eabi-gcc -std=c11 -DDEBUG -D__CODE_RED -D__NEWLIB__ -DCORE_M3 -D__USE_LPCOPEN -DCPP_USE_HEAP -D__LPC15XX__ -I"C:\Users\Manish\Documents\MCUXpressoIDE_11.5.0_7232\embSysPro\lpc_board_nxp_lpcxpresso_1549\inc" -I"C:\Users\Manish\Documents\MCUXpressoIDE_11.5.0_7232\embSysPro\lpc_chip_15xx\inc" -O0 -fno-common -g3 -Wall -c -fmessage-length=0 -fno-builtin -ffunction-sections -fdata-sections -fmerge-constants -fmacro-prefix-map="../src/"= -mcpu=cortex-m3 -mthumb -fstack-usage -MMD -MP -MF"src/crp.d" -MT"src/crp.o" -MT"src/crp.d" -o "src/crp.o" "../src/crp.c"
Invoking: MCU C++ Compiler
arm-none-eabi-c++ -std=c++11 -DDEBUG -D__CODE_RED -D__NEWLIB__ -DCORE_M3 -D__USE_LPCOPEN -DCPP_USE_HEAP -D__LPC15XX__ -I"C:\Users\Manish\Documents\MCUXpressoIDE_11.5.0_7232\embSysPro\lpc_board_nxp_lpcxpresso_1549\inc" -I"C:\Users\Manish\Documents\MCUXpressoIDE_11.5.0_7232\embSysPro\lpc_chip_15xx\inc" -O0 -fno-common -g3 -Wall -c -fmessage-length=0 -fno-builtin -ffunction-sections -fdata-sections -fno-rtti -fno-exceptions -fmerge-constants -fmacro-prefix-map="../src/"= -mcpu=cortex-m3 -mthumb -fstack-usage -MMD -MP -MF"src/lab2_ITM.d" -MT"src/lab2_ITM.o" -MT"src/lab2_ITM.d" -o "src/lab2_ITM.o" "../src/lab2_ITM.cpp"
Building file: ../src/sysinit.c
Invoking: MCU C Compiler
arm-none-eabi-gcc -std=c11 -DDEBUG -D__CODE_RED -D__NEWLIB__ -DCORE_M3 -D__USE_LPCOPEN -DCPP_USE_HEAP -D__LPC15XX__ -I"C:\Users\Manish\Documents\MCUXpressoIDE_11.5.0_7232\embSysPro\lpc_board_nxp_lpcxpresso_1549\inc" -I"C:\Users\Manish\Documents\MCUXpressoIDE_11.5.0_7232\embSysPro\lpc_chip_15xx\inc" -O0 -fno-common -g3 -Wall -c -fmessage-length=0 -fno-builtin -ffunction-sections -fdata-sections -fmerge-constants -fmacro-prefix-map="../src/"= -mcpu=cortex-m3 -mthumb -fstack-usage -MMD -MP -MF"src/sysinit.d" -MT"src/sysinit.o" -MT"src/sysinit.d" -o "src/sysinit.o" "../src/sysinit.c"
Finished building: ../src/cr_startup_lpc15xx.cpp
Finished building: ../src/lab2_ITM.cpp
Finished building: ../src/crp.c
 
 
 
Finished building: ../src/sysinit.c
 
Building target: ITM_lab2.axf
Invoking: MCU C++ Linker
arm-none-eabi-c++ -nostdlib -L"C:\Users\Manish\Documents\MCUXpressoIDE_11.5.0_7232\embSysPro\lpc_board_nxp_lpcxpresso_1549\Debug" -L"C:\Users\Manish\Documents\MCUXpressoIDE_11.5.0_7232\embSysPro\lpc_chip_15xx\Debug" -Xlinker -Map="ITM_lab2.map" -Xlinker --cref -Xlinker --gc-sections -Xlinker -print-memory-usage -mcpu=cortex-m3 -mthumb -T "ITM_lab2_Debug.ld" -o "ITM_lab2.axf"  ./src/DigitalIOPin.o ./src/ITM_write.o ./src/ITMhandler.o ./src/cr_cpp_config.o ./src/cr_startup_lpc15xx.o ./src/crp.o ./src/lab2_ITM.o ./src/sysinit.o   -llpc_board_nxp_lpcxpresso_1549 -llpc_chip_15xx
c:/nxp/mcuxpressoide_11.5.0_7232/ide/plugins/com.nxp.mcuxpresso.tools.win32_11.5.0.202107051138/tools/bin/../lib/gcc/arm-none-eabi/10.3.1/../../../../arm-none-eabi/bin/ld.exe: ./src/cr_startup_lpc15xx.o: in function `ResetISR':
C:\Users\Manish\Documents\MCUXpressoIDE_11.5.0_7232\embSysPro\ITM_lab2\Debug/../src/cr_startup_lpc15xx.cpp:429: undefined reference to `main'
Memory region         Used Size  Region Size  %age Used
       MFlash256:        2416 B       256 KB      0.92%
         Ram0_16:          28 B        16 KB      0.17%
         Ram1_16:          0 GB        16 KB      0.00%
          Ram2_4:          0 GB         4 KB      0.00%
collect2.exe: error: ld returned 1 exit status
make[1]: *** [makefile:62: ITM_lab2.axf] Error 1
make: *** [makefile:53: all] Error 2
"make -r -j4 all" terminated with exit code 2. Build might be incomplete.

17:54:34 Build Failed. 4 errors, 0 warnings. (took 1s.71ms)

